2020-05-12 00:00:17.279  INFO 13140 --- [AsyncResolver-bootstrap-executor-0] c.n.d.s.r.aws.ConfigClusterResolver      : Resolving eureka endpoints via configuration
2020-05-12 00:05:17.284  INFO 13140 --- [AsyncResolver-bootstrap-executor-0] c.n.d.s.r.aws.ConfigClusterResolver      : Resolving eureka endpoints via configuration
2020-05-12 00:10:17.285  INFO 13140 --- [AsyncResolver-bootstrap-executor-0] c.n.d.s.r.aws.ConfigClusterResolver      : Resolving eureka endpoints via configuration
2020-05-12 00:15:17.286  INFO 13140 --- [AsyncResolver-bootstrap-executor-0] c.n.d.s.r.aws.ConfigClusterResolver      : Resolving eureka endpoints via configuration
2020-05-12 00:20:17.287  INFO 13140 --- [AsyncResolver-bootstrap-executor-0] c.n.d.s.r.aws.ConfigClusterResolver      : Resolving eureka endpoints via configuration
2020-05-12 00:25:17.289  INFO 13140 --- [AsyncResolver-bootstrap-executor-0] c.n.d.s.r.aws.ConfigClusterResolver      : Resolving eureka endpoints via configuration
2020-05-12 00:30:17.290  INFO 13140 --- [AsyncResolver-bootstrap-executor-0] c.n.d.s.r.aws.ConfigClusterResolver      : Resolving eureka endpoints via configuration
2020-05-12 00:35:17.291  INFO 13140 --- [AsyncResolver-bootstrap-executor-0] c.n.d.s.r.aws.ConfigClusterResolver      : Resolving eureka endpoints via configuration
2020-05-12 00:39:51.036  INFO 13140 --- [lettuce-nioEventLoop-4-1] io.lettuce.core.protocol.CommandHandler  : null Unexpected exception during request: java.io.IOException: 远程主机强迫关闭了一个现有的连接。

java.io.IOException: 远程主机强迫关闭了一个现有的连接。
	at sun.nio.ch.SocketDispatcher.read0(Native Method) ~[na:1.8.0_251]
	at sun.nio.ch.SocketDispatcher.read(Unknown Source) ~[na:1.8.0_251]
	at sun.nio.ch.IOUtil.readIntoNativeBuffer(Unknown Source) ~[na:1.8.0_251]
	at sun.nio.ch.IOUtil.read(Unknown Source) ~[na:1.8.0_251]
	at sun.nio.ch.SocketChannelImpl.read(Unknown Source) ~[na:1.8.0_251]
	at io.netty.buffer.PooledUnsafeDirectByteBuf.setBytes(PooledUnsafeDirectByteBuf.java:288) ~[netty-buffer-4.1.36.Final.jar:4.1.36.Final]
	at io.netty.buffer.AbstractByteBuf.writeBytes(AbstractByteBuf.java:1125) ~[netty-buffer-4.1.36.Final.jar:4.1.36.Final]
	at io.netty.channel.socket.nio.NioSocketChannel.doReadBytes(NioSocketChannel.java:347) ~[netty-transport-4.1.36.Final.jar:4.1.36.Final]
	at io.netty.channel.nio.AbstractNioByteChannel$NioByteUnsafe.read(AbstractNioByteChannel.java:148) ~[netty-transport-4.1.36.Final.jar:4.1.36.Final]
	at io.netty.channel.nio.NioEventLoop.processSelectedKey(NioEventLoop.java:682) [netty-transport-4.1.36.Final.jar:4.1.36.Final]
	at io.netty.channel.nio.NioEventLoop.processSelectedKeysOptimized(NioEventLoop.java:617) [netty-transport-4.1.36.Final.jar:4.1.36.Final]
	at io.netty.channel.nio.NioEventLoop.processSelectedKeys(NioEventLoop.java:534) [netty-transport-4.1.36.Final.jar:4.1.36.Final]
	at io.netty.channel.nio.NioEventLoop.run(NioEventLoop.java:496) [netty-transport-4.1.36.Final.jar:4.1.36.Final]
	at io.netty.util.concurrent.SingleThreadEventExecutor$5.run(SingleThreadEventExecutor.java:906) [netty-common-4.1.36.Final.jar:4.1.36.Final]
	at io.netty.util.internal.ThreadExecutorMap$2.run(ThreadExecutorMap.java:74) [netty-common-4.1.36.Final.jar:4.1.36.Final]
	at io.netty.util.concurrent.FastThreadLocalRunnable.run(FastThreadLocalRunnable.java:30) [netty-common-4.1.36.Final.jar:4.1.36.Final]
	at java.lang.Thread.run(Unknown Source) [na:1.8.0_251]

2020-05-12 00:39:51.160  INFO 13140 --- [lettuce-eventExecutorLoop-1-2] i.l.core.protocol.ConnectionWatchdog     : Reconnecting, last destination was /192.168.0.110:6379
2020-05-12 00:39:51.176  WARN 13140 --- [lettuce-nioEventLoop-4-2] i.l.core.protocol.ConnectionWatchdog     : Cannot reconnect: io.netty.channel.AbstractChannel$AnnotatedSocketException: Network is unreachable: no further information: /192.168.0.110:6379

io.netty.channel.AbstractChannel$AnnotatedSocketException: Network is unreachable: no further information: /192.168.0.110:6379
	at sun.nio.ch.SocketChannelImpl.checkConnect(Native Method) ~[na:1.8.0_251]
	at sun.nio.ch.SocketChannelImpl.finishConnect(Unknown Source) ~[na:1.8.0_251]
	at io.netty.channel.socket.nio.NioSocketChannel.doFinishConnect(NioSocketChannel.java:327) ~[netty-transport-4.1.36.Final.jar:4.1.36.Final]
	at io.netty.channel.nio.AbstractNioChannel$AbstractNioUnsafe.finishConnect(AbstractNioChannel.java:340) ~[netty-transport-4.1.36.Final.jar:4.1.36.Final]
	at io.netty.channel.nio.NioEventLoop.processSelectedKey(NioEventLoop.java:670) ~[netty-transport-4.1.36.Final.jar:4.1.36.Final]
	at io.netty.channel.nio.NioEventLoop.processSelectedKeysOptimized(NioEventLoop.java:617) ~[netty-transport-4.1.36.Final.jar:4.1.36.Final]
	at io.netty.channel.nio.NioEventLoop.processSelectedKeys(NioEventLoop.java:534) ~[netty-transport-4.1.36.Final.jar:4.1.36.Final]
	at io.netty.channel.nio.NioEventLoop.run(NioEventLoop.java:496) ~[netty-transport-4.1.36.Final.jar:4.1.36.Final]
	at io.netty.util.concurrent.SingleThreadEventExecutor$5.run(SingleThreadEventExecutor.java:906) ~[netty-common-4.1.36.Final.jar:4.1.36.Final]
	at io.netty.util.internal.ThreadExecutorMap$2.run(ThreadExecutorMap.java:74) ~[netty-common-4.1.36.Final.jar:4.1.36.Final]
	at io.netty.util.concurrent.FastThreadLocalRunnable.run(FastThreadLocalRunnable.java:30) ~[netty-common-4.1.36.Final.jar:4.1.36.Final]
	at java.lang.Thread.run(Unknown Source) ~[na:1.8.0_251]
Caused by: java.net.SocketException: Network is unreachable: no further information
	... 12 common frames omitted

2020-05-12 00:39:56.963  INFO 13140 --- [lettuce-nioEventLoop-4-12] i.l.core.protocol.ReconnectionHandler    : Reconnected to 192.168.0.110:6379
2020-05-12 00:40:17.292  INFO 13140 --- [AsyncResolver-bootstrap-executor-0] c.n.d.s.r.aws.ConfigClusterResolver      : Resolving eureka endpoints via configuration
2020-05-12 00:45:17.292  INFO 13140 --- [AsyncResolver-bootstrap-executor-0] c.n.d.s.r.aws.ConfigClusterResolver      : Resolving eureka endpoints via configuration
2020-05-12 00:50:17.293  INFO 13140 --- [AsyncResolver-bootstrap-executor-0] c.n.d.s.r.aws.ConfigClusterResolver      : Resolving eureka endpoints via configuration
2020-05-12 00:55:17.294  INFO 13140 --- [AsyncResolver-bootstrap-executor-0] c.n.d.s.r.aws.ConfigClusterResolver      : Resolving eureka endpoints via configuration
2020-05-12 01:00:17.294  INFO 13140 --- [AsyncResolver-bootstrap-executor-0] c.n.d.s.r.aws.ConfigClusterResolver      : Resolving eureka endpoints via configuration
2020-05-12 01:05:17.295  INFO 13140 --- [AsyncResolver-bootstrap-executor-0] c.n.d.s.r.aws.ConfigClusterResolver      : Resolving eureka endpoints via configuration
2020-05-12 01:10:17.296  INFO 13140 --- [AsyncResolver-bootstrap-executor-0] c.n.d.s.r.aws.ConfigClusterResolver      : Resolving eureka endpoints via configuration
2020-05-12 01:15:17.297  INFO 13140 --- [AsyncResolver-bootstrap-executor-0] c.n.d.s.r.aws.ConfigClusterResolver      : Resolving eureka endpoints via configuration
2020-05-12 01:20:17.298  INFO 13140 --- [AsyncResolver-bootstrap-executor-0] c.n.d.s.r.aws.ConfigClusterResolver      : Resolving eureka endpoints via configuration
2020-05-12 01:25:17.298  INFO 13140 --- [AsyncResolver-bootstrap-executor-0] c.n.d.s.r.aws.ConfigClusterResolver      : Resolving eureka endpoints via configuration
2020-05-12 01:30:17.299  INFO 13140 --- [AsyncResolver-bootstrap-executor-0] c.n.d.s.r.aws.ConfigClusterResolver      : Resolving eureka endpoints via configuration
2020-05-12 01:35:17.300  INFO 13140 --- [AsyncResolver-bootstrap-executor-0] c.n.d.s.r.aws.ConfigClusterResolver      : Resolving eureka endpoints via configuration
2020-05-12 01:40:17.302  INFO 13140 --- [AsyncResolver-bootstrap-executor-0] c.n.d.s.r.aws.ConfigClusterResolver      : Resolving eureka endpoints via configuration
2020-05-12 01:45:17.303  INFO 13140 --- [AsyncResolver-bootstrap-executor-0] c.n.d.s.r.aws.ConfigClusterResolver      : Resolving eureka endpoints via configuration
2020-05-12 01:50:17.304  INFO 13140 --- [AsyncResolver-bootstrap-executor-0] c.n.d.s.r.aws.ConfigClusterResolver      : Resolving eureka endpoints via configuration
2020-05-12 01:55:17.305  INFO 13140 --- [AsyncResolver-bootstrap-executor-0] c.n.d.s.r.aws.ConfigClusterResolver      : Resolving eureka endpoints via configuration
2020-05-12 02:00:17.306  INFO 13140 --- [AsyncResolver-bootstrap-executor-0] c.n.d.s.r.aws.ConfigClusterResolver      : Resolving eureka endpoints via configuration
2020-05-12 02:05:17.307  INFO 13140 --- [AsyncResolver-bootstrap-executor-0] c.n.d.s.r.aws.ConfigClusterResolver      : Resolving eureka endpoints via configuration
2020-05-12 02:10:17.308  INFO 13140 --- [AsyncResolver-bootstrap-executor-0] c.n.d.s.r.aws.ConfigClusterResolver      : Resolving eureka endpoints via configuration
2020-05-12 02:15:17.309  INFO 13140 --- [AsyncResolver-bootstrap-executor-0] c.n.d.s.r.aws.ConfigClusterResolver      : Resolving eureka endpoints via configuration
2020-05-12 02:20:17.310  INFO 13140 --- [AsyncResolver-bootstrap-executor-0] c.n.d.s.r.aws.ConfigClusterResolver      : Resolving eureka endpoints via configuration
2020-05-12 02:25:17.311  INFO 13140 --- [AsyncResolver-bootstrap-executor-0] c.n.d.s.r.aws.ConfigClusterResolver      : Resolving eureka endpoints via configuration
2020-05-12 02:30:17.312  INFO 13140 --- [AsyncResolver-bootstrap-executor-0] c.n.d.s.r.aws.ConfigClusterResolver      : Resolving eureka endpoints via configuration
2020-05-12 02:35:17.312  INFO 13140 --- [AsyncResolver-bootstrap-executor-0] c.n.d.s.r.aws.ConfigClusterResolver      : Resolving eureka endpoints via configuration
2020-05-12 02:39:23.422  INFO 13140 --- [RMI TCP Connection(323)-127.0.0.1] inMXBeanRegistrar$SpringApplicationAdmin : Application shutdown requested.
2020-05-12 02:39:23.433  INFO 13140 --- [RMI TCP Connection(323)-127.0.0.1] o.s.c.n.e.s.EurekaServiceRegistry        : Unregistering application SCW-USER with eureka with status DOWN
2020-05-12 02:39:23.433  WARN 13140 --- [RMI TCP Connection(323)-127.0.0.1] com.netflix.discovery.DiscoveryClient    : Saw local status change event StatusChangeEvent [timestamp=1589222363433, current=DOWN, previous=UP]
2020-05-12 02:39:23.434  INFO 13140 --- [DiscoveryClient-InstanceInfoReplicator-0] com.netflix.discovery.DiscoveryClient    : DiscoveryClient_SCW-USER/DESKTOP-IQIPQ4T:SCW-USER:7000: registering service...
2020-05-12 02:39:23.463  INFO 13140 --- [RMI TCP Connection(323)-127.0.0.1] o.s.s.concurrent.ThreadPoolTaskExecutor  : Shutting down ExecutorService 'applicationTaskExecutor'
2020-05-12 02:39:23.485  INFO 13140 --- [RMI TCP Connection(323)-127.0.0.1] com.alibaba.druid.pool.DruidDataSource   : {dataSource-1} closed
2020-05-12 02:39:23.614  INFO 13140 --- [RMI TCP Connection(323)-127.0.0.1] com.netflix.discovery.DiscoveryClient    : Shutting down DiscoveryClient ...
2020-05-12 02:39:26.616  INFO 13140 --- [RMI TCP Connection(323)-127.0.0.1] com.netflix.discovery.DiscoveryClient    : Unregistering ...
2020-05-12 02:39:27.456 ERROR 13140 --- [DiscoveryClient-InstanceInfoReplicator-0] c.n.d.s.t.d.RedirectingEurekaHttpClient  : Request execution error. endpoint=DefaultEndpoint{ serviceUrl='http://localhost:8761/eureka/}

com.sun.jersey.api.client.ClientHandlerException: java.net.ConnectException: Connection refused: connect
	at com.sun.jersey.client.apache4.ApacheHttpClient4Handler.handle(ApacheHttpClient4Handler.java:187) ~[jersey-apache-client4-1.19.1.jar:1.19.1]
	at com.sun.jersey.api.client.filter.GZIPContentEncodingFilter.handle(GZIPContentEncodingFilter.java:123) ~[jersey-client-1.19.1.jar:1.19.1]
	at com.netflix.discovery.EurekaIdentityHeaderFilter.handle(EurekaIdentityHeaderFilter.java:27) ~[eureka-client-1.9.12.jar:1.9.12]
	at com.sun.jersey.api.client.Client.handle(Client.java:652) ~[jersey-client-1.19.1.jar:1.19.1]
	at com.sun.jersey.api.client.WebResource.handle(WebResource.java:682) ~[jersey-client-1.19.1.jar:1.19.1]
	at com.sun.jersey.api.client.WebResource.access$200(WebResource.java:74) ~[jersey-client-1.19.1.jar:1.19.1]
	at com.sun.jersey.api.client.WebResource$Builder.post(WebResource.java:570) ~[jersey-client-1.19.1.jar:1.19.1]
	at com.netflix.discovery.shared.transport.jersey.AbstractJerseyEurekaHttpClient.register(AbstractJerseyEurekaHttpClient.java:56) ~[eureka-client-1.9.12.jar:1.9.12]
	at com.netflix.discovery.shared.transport.decorator.EurekaHttpClientDecorator$1.execute(EurekaHttpClientDecorator.java:59) [eureka-client-1.9.12.jar:1.9.12]
	at com.netflix.discovery.shared.transport.decorator.MetricsCollectingEurekaHttpClient.execute(MetricsCollectingEurekaHttpClient.java:73) ~[eureka-client-1.9.12.jar:1.9.12]
	at com.netflix.discovery.shared.transport.decorator.EurekaHttpClientDecorator.register(EurekaHttpClientDecorator.java:56) [eureka-client-1.9.12.jar:1.9.12]
	at com.netflix.discovery.shared.transport.decorator.EurekaHttpClientDecorator$1.execute(EurekaHttpClientDecorator.java:59) [eureka-client-1.9.12.jar:1.9.12]
	at com.netflix.discovery.shared.transport.decorator.RedirectingEurekaHttpClient.execute(RedirectingEurekaHttpClient.java:89) ~[eureka-client-1.9.12.jar:1.9.12]
	at com.netflix.discovery.shared.transport.decorator.EurekaHttpClientDecorator.register(EurekaHttpClientDecorator.java:56) [eureka-client-1.9.12.jar:1.9.12]
	at com.netflix.discovery.shared.transport.decorator.EurekaHttpClientDecorator$1.execute(EurekaHttpClientDecorator.java:59) [eureka-client-1.9.12.jar:1.9.12]
	at com.netflix.discovery.shared.transport.decorator.RetryableEurekaHttpClient.execute(RetryableEurekaHttpClient.java:120) [eureka-client-1.9.12.jar:1.9.12]
	at com.netflix.discovery.shared.transport.decorator.EurekaHttpClientDecorator.register(EurekaHttpClientDecorator.java:56) [eureka-client-1.9.12.jar:1.9.12]
	at com.netflix.discovery.shared.transport.decorator.EurekaHttpClientDecorator$1.execute(EurekaHttpClientDecorator.java:59) [eureka-client-1.9.12.jar:1.9.12]
	at com.netflix.discovery.shared.transport.decorator.SessionedEurekaHttpClient.execute(SessionedEurekaHttpClient.java:77) [eureka-client-1.9.12.jar:1.9.12]
	at com.netflix.discovery.shared.transport.decorator.EurekaHttpClientDecorator.register(EurekaHttpClientDecorator.java:56) [eureka-client-1.9.12.jar:1.9.12]
	at com.netflix.discovery.DiscoveryClient.register(DiscoveryClient.java:847) [eureka-client-1.9.12.jar:1.9.12]
	at com.netflix.discovery.InstanceInfoReplicator.run(InstanceInfoReplicator.java:121) [eureka-client-1.9.12.jar:1.9.12]
	at com.netflix.discovery.InstanceInfoReplicator$1.run(InstanceInfoReplicator.java:101) [eureka-client-1.9.12.jar:1.9.12]
	at java.util.concurrent.Executors$RunnableAdapter.call(Unknown Source) [na:1.8.0_251]
	at java.util.concurrent.FutureTask.run(Unknown Source) [na:1.8.0_251]
	at java.util.concurrent.ScheduledThreadPoolExecutor$ScheduledFutureTask.access$201(Unknown Source) [na:1.8.0_251]
	at java.util.concurrent.ScheduledThreadPoolExecutor$ScheduledFutureTask.run(Unknown Source) [na:1.8.0_251]
	at java.util.concurrent.ThreadPoolExecutor.runWorker(Unknown Source) [na:1.8.0_251]
	at java.util.concurrent.ThreadPoolExecutor$Worker.run(Unknown Source) [na:1.8.0_251]
	at java.lang.Thread.run(Unknown Source) [na:1.8.0_251]
Caused by: java.net.ConnectException: Connection refused: connect
	at java.net.DualStackPlainSocketImpl.waitForConnect(Native Method) ~[na:1.8.0_251]
	at java.net.DualStackPlainSocketImpl.socketConnect(Unknown Source) ~[na:1.8.0_251]
	at java.net.AbstractPlainSocketImpl.doConnect(Unknown Source) ~[na:1.8.0_251]
	at java.net.AbstractPlainSocketImpl.connectToAddress(Unknown Source) ~[na:1.8.0_251]
	at java.net.AbstractPlainSocketImpl.connect(Unknown Source) ~[na:1.8.0_251]
	at java.net.PlainSocketImpl.connect(Unknown Source) ~[na:1.8.0_251]
	at java.net.SocksSocketImpl.connect(Unknown Source) ~[na:1.8.0_251]
	at java.net.Socket.connect(Unknown Source) ~[na:1.8.0_251]
	at org.apache.http.conn.scheme.PlainSocketFactory.connectSocket(PlainSocketFactory.java:121) ~[httpclient-4.5.9.jar:4.5.9]
	at org.apache.http.impl.conn.DefaultClientConnectionOperator.openConnection(DefaultClientConnectionOperator.java:180) ~[httpclient-4.5.9.jar:4.5.9]
	at org.apache.http.impl.conn.AbstractPoolEntry.open(AbstractPoolEntry.java:144) ~[httpclient-4.5.9.jar:4.5.9]
	at org.apache.http.impl.conn.AbstractPooledConnAdapter.open(AbstractPooledConnAdapter.java:134) ~[httpclient-4.5.9.jar:4.5.9]
	at org.apache.http.impl.client.DefaultRequestDirector.tryConnect(DefaultRequestDirector.java:605) ~[httpclient-4.5.9.jar:4.5.9]
	at org.apache.http.impl.client.DefaultRequestDirector.execute(DefaultRequestDirector.java:440) ~[httpclient-4.5.9.jar:4.5.9]
	at org.apache.http.impl.client.AbstractHttpClient.doExecute(AbstractHttpClient.java:835) ~[httpclient-4.5.9.jar:4.5.9]
	at org.apache.http.impl.client.CloseableHttpClient.execute(CloseableHttpClient.java:118) ~[httpclient-4.5.9.jar:4.5.9]
	at org.apache.http.impl.client.CloseableHttpClient.execute(CloseableHttpClient.java:56) ~[httpclient-4.5.9.jar:4.5.9]
	at com.sun.jersey.client.apache4.ApacheHttpClient4Handler.handle(ApacheHttpClient4Handler.java:173) ~[jersey-apache-client4-1.19.1.jar:1.19.1]
	... 29 common frames omitted

2020-05-12 02:39:27.457  WARN 13140 --- [DiscoveryClient-InstanceInfoReplicator-0] c.n.d.s.t.d.RetryableEurekaHttpClient    : Request execution failed with message: java.net.ConnectException: Connection refused: connect
2020-05-12 02:39:30.636 ERROR 13140 --- [RMI TCP Connection(323)-127.0.0.1] c.n.d.s.t.d.RedirectingEurekaHttpClient  : Request execution error. endpoint=DefaultEndpoint{ serviceUrl='http://localhost:8761/eureka/}

com.sun.jersey.api.client.ClientHandlerException: java.net.ConnectException: Connection refused: connect
	at com.sun.jersey.client.apache4.ApacheHttpClient4Handler.handle(ApacheHttpClient4Handler.java:187) ~[jersey-apache-client4-1.19.1.jar:1.19.1]
	at com.sun.jersey.api.client.filter.GZIPContentEncodingFilter.handle(GZIPContentEncodingFilter.java:123) ~[jersey-client-1.19.1.jar:1.19.1]
	at com.netflix.discovery.EurekaIdentityHeaderFilter.handle(EurekaIdentityHeaderFilter.java:27) ~[eureka-client-1.9.12.jar:1.9.12]
	at com.sun.jersey.api.client.Client.handle(Client.java:652) ~[jersey-client-1.19.1.jar:1.19.1]
	at com.sun.jersey.api.client.WebResource.handle(WebResource.java:682) ~[jersey-client-1.19.1.jar:1.19.1]
	at com.sun.jersey.api.client.WebResource.access$200(WebResource.java:74) ~[jersey-client-1.19.1.jar:1.19.1]
	at com.sun.jersey.api.client.WebResource$Builder.delete(WebResource.java:591) ~[jersey-client-1.19.1.jar:1.19.1]
	at com.netflix.discovery.shared.transport.jersey.AbstractJerseyEurekaHttpClient.cancel(AbstractJerseyEurekaHttpClient.java:76) ~[eureka-client-1.9.12.jar:1.9.12]
	at com.netflix.discovery.shared.transport.decorator.EurekaHttpClientDecorator$2.execute(EurekaHttpClientDecorator.java:74) [eureka-client-1.9.12.jar:1.9.12]
	at com.netflix.discovery.shared.transport.decorator.MetricsCollectingEurekaHttpClient.execute(MetricsCollectingEurekaHttpClient.java:73) ~[eureka-client-1.9.12.jar:1.9.12]
	at com.netflix.discovery.shared.transport.decorator.EurekaHttpClientDecorator.cancel(EurekaHttpClientDecorator.java:71) [eureka-client-1.9.12.jar:1.9.12]
	at com.netflix.discovery.shared.transport.decorator.EurekaHttpClientDecorator$2.execute(EurekaHttpClientDecorator.java:74) [eureka-client-1.9.12.jar:1.9.12]
	at com.netflix.discovery.shared.transport.decorator.RedirectingEurekaHttpClient.execute(RedirectingEurekaHttpClient.java:89) ~[eureka-client-1.9.12.jar:1.9.12]
	at com.netflix.discovery.shared.transport.decorator.EurekaHttpClientDecorator.cancel(EurekaHttpClientDecorator.java:71) [eureka-client-1.9.12.jar:1.9.12]
	at com.netflix.discovery.shared.transport.decorator.EurekaHttpClientDecorator$2.execute(EurekaHttpClientDecorator.java:74) [eureka-client-1.9.12.jar:1.9.12]
	at com.netflix.discovery.shared.transport.decorator.RetryableEurekaHttpClient.execute(RetryableEurekaHttpClient.java:120) [eureka-client-1.9.12.jar:1.9.12]
	at com.netflix.discovery.shared.transport.decorator.EurekaHttpClientDecorator.cancel(EurekaHttpClientDecorator.java:71) [eureka-client-1.9.12.jar:1.9.12]
	at com.netflix.discovery.shared.transport.decorator.EurekaHttpClientDecorator$2.execute(EurekaHttpClientDecorator.java:74) [eureka-client-1.9.12.jar:1.9.12]
	at com.netflix.discovery.shared.transport.decorator.SessionedEurekaHttpClient.execute(SessionedEurekaHttpClient.java:77) [eureka-client-1.9.12.jar:1.9.12]
	at com.netflix.discovery.shared.transport.decorator.EurekaHttpClientDecorator.cancel(EurekaHttpClientDecorator.java:71) [eureka-client-1.9.12.jar:1.9.12]
	at com.netflix.discovery.DiscoveryClient.unregister(DiscoveryClient.java:941) [eureka-client-1.9.12.jar:1.9.12]
	at com.netflix.discovery.DiscoveryClient.shutdown(DiscoveryClient.java:919) [eureka-client-1.9.12.jar:1.9.12]
	at sun.reflect.NativeMethodAccessorImpl.invoke0(Native Method) ~[na:1.8.0_251]
	at sun.reflect.NativeMethodAccessorImpl.invoke(Unknown Source) ~[na:1.8.0_251]
	at sun.reflect.DelegatingMethodAccessorImpl.invoke(Unknown Source) ~[na:1.8.0_251]
	at java.lang.reflect.Method.invoke(Unknown Source) ~[na:1.8.0_251]
	at org.springframework.beans.factory.annotation.InitDestroyAnnotationBeanPostProcessor$LifecycleElement.invoke(InitDestroyAnnotationBeanPostProcessor.java:363) [spring-beans-5.1.8.RELEASE.jar:5.1.8.RELEASE]
	at org.springframework.beans.factory.annotation.InitDestroyAnnotationBeanPostProcessor$LifecycleMetadata.invokeDestroyMethods(InitDestroyAnnotationBeanPostProcessor.java:321) [spring-beans-5.1.8.RELEASE.jar:5.1.8.RELEASE]
	at org.springframework.beans.factory.annotation.InitDestroyAnnotationBeanPostProcessor.postProcessBeforeDestruction(InitDestroyAnnotationBeanPostProcessor.java:156) [spring-beans-5.1.8.RELEASE.jar:5.1.8.RELEASE]
	at org.springframework.beans.factory.support.DisposableBeanAdapter.destroy(DisposableBeanAdapter.java:242) [spring-beans-5.1.8.RELEASE.jar:5.1.8.RELEASE]
	at org.springframework.beans.factory.support.DisposableBeanAdapter.run(DisposableBeanAdapter.java:235) [spring-beans-5.1.8.RELEASE.jar:5.1.8.RELEASE]
	at org.springframework.cloud.context.scope.GenericScope$BeanLifecycleWrapper.destroy(GenericScope.java:403) [spring-cloud-context-2.1.2.RELEASE.jar:2.1.2.RELEASE]
	at org.springframework.cloud.context.scope.GenericScope.destroy(GenericScope.java:142) [spring-cloud-context-2.1.2.RELEASE.jar:2.1.2.RELEASE]
	at org.springframework.beans.factory.support.DisposableBeanAdapter.destroy(DisposableBeanAdapter.java:258) [spring-beans-5.1.8.RELEASE.jar:5.1.8.RELEASE]
	at org.springframework.beans.factory.support.DefaultSingletonBeanRegistry.destroyBean(DefaultSingletonBeanRegistry.java:571) [spring-beans-5.1.8.RELEASE.jar:5.1.8.RELEASE]
	at org.springframework.beans.factory.support.DefaultSingletonBeanRegistry.destroySingleton(DefaultSingletonBeanRegistry.java:543) [spring-beans-5.1.8.RELEASE.jar:5.1.8.RELEASE]
	at org.springframework.beans.factory.support.DefaultListableBeanFactory.destroySingleton(DefaultListableBeanFactory.java:1036) [spring-beans-5.1.8.RELEASE.jar:5.1.8.RELEASE]
	at org.springframework.beans.factory.support.DefaultSingletonBeanRegistry.destroySingletons(DefaultSingletonBeanRegistry.java:504) [spring-beans-5.1.8.RELEASE.jar:5.1.8.RELEASE]
	at org.springframework.beans.factory.support.DefaultListableBeanFactory.destroySingletons(DefaultListableBeanFactory.java:1029) [spring-beans-5.1.8.RELEASE.jar:5.1.8.RELEASE]
	at org.springframework.context.support.AbstractApplicationContext.destroyBeans(AbstractApplicationContext.java:1057) [spring-context-5.1.8.RELEASE.jar:5.1.8.RELEASE]
	at org.springframework.context.support.AbstractApplicationContext.doClose(AbstractApplicationContext.java:1026) [spring-context-5.1.8.RELEASE.jar:5.1.8.RELEASE]
	at org.springframework.context.support.AbstractApplicationContext.close(AbstractApplicationContext.java:975) [spring-context-5.1.8.RELEASE.jar:5.1.8.RELEASE]
	at org.springframework.boot.admin.SpringApplicationAdminMXBeanRegistrar$SpringApplicationAdmin.shutdown(SpringApplicationAdminMXBeanRegistrar.java:160) [spring-boot-2.1.6.RELEASE.jar:2.1.6.RELEASE]
	at sun.reflect.NativeMethodAccessorImpl.invoke0(Native Method) ~[na:1.8.0_251]
	at sun.reflect.NativeMethodAccessorImpl.invoke(Unknown Source) ~[na:1.8.0_251]
	at sun.reflect.DelegatingMethodAccessorImpl.invoke(Unknown Source) ~[na:1.8.0_251]
	at java.lang.reflect.Method.invoke(Unknown Source) ~[na:1.8.0_251]
	at sun.reflect.misc.Trampoline.invoke(Unknown Source) [na:1.8.0_251]
	at sun.reflect.GeneratedMethodAccessor60.invoke(Unknown Source) ~[na:na]
	at sun.reflect.DelegatingMethodAccessorImpl.invoke(Unknown Source) ~[na:1.8.0_251]
	at java.lang.reflect.Method.invoke(Unknown Source) ~[na:1.8.0_251]
	at sun.reflect.misc.MethodUtil.invoke(Unknown Source) [na:1.8.0_251]
	at com.sun.jmx.mbeanserver.ConvertingMethod.invokeWithOpenReturn(Unknown Source) [na:1.8.0_251]
	at com.sun.jmx.mbeanserver.ConvertingMethod.invokeWithOpenReturn(Unknown Source) [na:1.8.0_251]
	at com.sun.jmx.mbeanserver.MXBeanIntrospector.invokeM2(Unknown Source) [na:1.8.0_251]
	at com.sun.jmx.mbeanserver.MXBeanIntrospector.invokeM2(Unknown Source) [na:1.8.0_251]
	at com.sun.jmx.mbeanserver.MBeanIntrospector.invokeM(Unknown Source) [na:1.8.0_251]
	at com.sun.jmx.mbeanserver.PerInterface.invoke(Unknown Source) [na:1.8.0_251]
	at com.sun.jmx.mbeanserver.MBeanSupport.invoke(Unknown Source) [na:1.8.0_251]
	at com.sun.jmx.interceptor.DefaultMBeanServerInterceptor.invoke(Unknown Source) [na:1.8.0_251]
	at com.sun.jmx.mbeanserver.JmxMBeanServer.invoke(Unknown Source) [na:1.8.0_251]
	at javax.management.remote.rmi.RMIConnectionImpl.doOperation(Unknown Source) [na:1.8.0_251]
	at javax.management.remote.rmi.RMIConnectionImpl.access$300(Unknown Source) [na:1.8.0_251]
	at javax.management.remote.rmi.RMIConnectionImpl$PrivilegedOperation.run(Unknown Source) [na:1.8.0_251]
	at javax.management.remote.rmi.RMIConnectionImpl.doPrivilegedOperation(Unknown Source) [na:1.8.0_251]
	at javax.management.remote.rmi.RMIConnectionImpl.invoke(Unknown Source) [na:1.8.0_251]
	at sun.reflect.GeneratedMethodAccessor61.invoke(Unknown Source) ~[na:na]
	at sun.reflect.DelegatingMethodAccessorImpl.invoke(Unknown Source) ~[na:1.8.0_251]
	at java.lang.reflect.Method.invoke(Unknown Source) ~[na:1.8.0_251]
	at sun.rmi.server.UnicastServerRef.dispatch(Unknown Source) [na:1.8.0_251]
	at sun.rmi.transport.Transport$1.run(Unknown Source) [na:1.8.0_251]
	at sun.rmi.transport.Transport$1.run(Unknown Source) [na:1.8.0_251]
	at java.security.AccessController.doPrivileged(Native Method) [na:1.8.0_251]
	at sun.rmi.transport.Transport.serviceCall(Unknown Source) [na:1.8.0_251]
	at sun.rmi.transport.tcp.TCPTransport.handleMessages(Unknown Source) [na:1.8.0_251]
	at sun.rmi.transport.tcp.TCPTransport$ConnectionHandler.run0(Unknown Source) [na:1.8.0_251]
	at sun.rmi.transport.tcp.TCPTransport$ConnectionHandler.lambda$run$0(Unknown Source) [na:1.8.0_251]
	at java.security.AccessController.doPrivileged(Native Method) [na:1.8.0_251]
	at sun.rmi.transport.tcp.TCPTransport$ConnectionHandler.run(Unknown Source) [na:1.8.0_251]
	at java.util.concurrent.ThreadPoolExecutor.runWorker(Unknown Source) ~[na:1.8.0_251]
	at java.util.concurrent.ThreadPoolExecutor$Worker.run(Unknown Source) ~[na:1.8.0_251]
	at java.lang.Thread.run(Unknown Source) ~[na:1.8.0_251]
Caused by: java.net.ConnectException: Connection refused: connect
	at java.net.DualStackPlainSocketImpl.waitForConnect(Native Method) ~[na:1.8.0_251]
	at java.net.DualStackPlainSocketImpl.socketConnect(Unknown Source) ~[na:1.8.0_251]
	at java.net.AbstractPlainSocketImpl.doConnect(Unknown Source) ~[na:1.8.0_251]
	at java.net.AbstractPlainSocketImpl.connectToAddress(Unknown Source) ~[na:1.8.0_251]
	at java.net.AbstractPlainSocketImpl.connect(Unknown Source) ~[na:1.8.0_251]
	at java.net.PlainSocketImpl.connect(Unknown Source) ~[na:1.8.0_251]
	at java.net.SocksSocketImpl.connect(Unknown Source) ~[na:1.8.0_251]
	at java.net.Socket.connect(Unknown Source) ~[na:1.8.0_251]
	at org.apache.http.conn.scheme.PlainSocketFactory.connectSocket(PlainSocketFactory.java:121) ~[httpclient-4.5.9.jar:4.5.9]
	at org.apache.http.impl.conn.DefaultClientConnectionOperator.openConnection(DefaultClientConnectionOperator.java:180) ~[httpclient-4.5.9.jar:4.5.9]
	at org.apache.http.impl.conn.AbstractPoolEntry.open(AbstractPoolEntry.java:144) ~[httpclient-4.5.9.jar:4.5.9]
	at org.apache.http.impl.conn.AbstractPooledConnAdapter.open(AbstractPooledConnAdapter.java:134) ~[httpclient-4.5.9.jar:4.5.9]
	at org.apache.http.impl.client.DefaultRequestDirector.tryConnect(DefaultRequestDirector.java:605) ~[httpclient-4.5.9.jar:4.5.9]
	at org.apache.http.impl.client.DefaultRequestDirector.execute(DefaultRequestDirector.java:440) ~[httpclient-4.5.9.jar:4.5.9]
	at org.apache.http.impl.client.AbstractHttpClient.doExecute(AbstractHttpClient.java:835) ~[httpclient-4.5.9.jar:4.5.9]
	at org.apache.http.impl.client.CloseableHttpClient.execute(CloseableHttpClient.java:118) ~[httpclient-4.5.9.jar:4.5.9]
	at org.apache.http.impl.client.CloseableHttpClient.execute(CloseableHttpClient.java:56) ~[httpclient-4.5.9.jar:4.5.9]
	at com.sun.jersey.client.apache4.ApacheHttpClient4Handler.handle(ApacheHttpClient4Handler.java:173) ~[jersey-apache-client4-1.19.1.jar:1.19.1]
	... 81 common frames omitted

2020-05-12 02:39:30.637  WARN 13140 --- [RMI TCP Connection(323)-127.0.0.1] c.n.d.s.t.d.RetryableEurekaHttpClient    : Request execution failed with message: java.net.ConnectException: Connection refused: connect
2020-05-12 02:39:31.458 ERROR 13140 --- [DiscoveryClient-InstanceInfoReplicator-0] c.n.d.s.t.d.RedirectingEurekaHttpClient  : Request execution error. endpoint=DefaultEndpoint{ serviceUrl='http://localhost:8761/eureka/}

com.sun.jersey.api.client.ClientHandlerException: java.net.ConnectException: Connection refused: connect
	at com.sun.jersey.client.apache4.ApacheHttpClient4Handler.handle(ApacheHttpClient4Handler.java:187) ~[jersey-apache-client4-1.19.1.jar:1.19.1]
	at com.sun.jersey.api.client.filter.GZIPContentEncodingFilter.handle(GZIPContentEncodingFilter.java:123) ~[jersey-client-1.19.1.jar:1.19.1]
	at com.netflix.discovery.EurekaIdentityHeaderFilter.handle(EurekaIdentityHeaderFilter.java:27) ~[eureka-client-1.9.12.jar:1.9.12]
	at com.sun.jersey.api.client.Client.handle(Client.java:652) ~[jersey-client-1.19.1.jar:1.19.1]
	at com.sun.jersey.api.client.WebResource.handle(WebResource.java:682) ~[jersey-client-1.19.1.jar:1.19.1]
	at com.sun.jersey.api.client.WebResource.access$200(WebResource.java:74) ~[jersey-client-1.19.1.jar:1.19.1]
	at com.sun.jersey.api.client.WebResource$Builder.post(WebResource.java:570) ~[jersey-client-1.19.1.jar:1.19.1]
	at com.netflix.discovery.shared.transport.jersey.AbstractJerseyEurekaHttpClient.register(AbstractJerseyEurekaHttpClient.java:56) ~[eureka-client-1.9.12.jar:1.9.12]
	at com.netflix.discovery.shared.transport.decorator.EurekaHttpClientDecorator$1.execute(EurekaHttpClientDecorator.java:59) [eureka-client-1.9.12.jar:1.9.12]
	at com.netflix.discovery.shared.transport.decorator.MetricsCollectingEurekaHttpClient.execute(MetricsCollectingEurekaHttpClient.java:73) ~[eureka-client-1.9.12.jar:1.9.12]
	at com.netflix.discovery.shared.transport.decorator.EurekaHttpClientDecorator.register(EurekaHttpClientDecorator.java:56) [eureka-client-1.9.12.jar:1.9.12]
	at com.netflix.discovery.shared.transport.decorator.EurekaHttpClientDecorator$1.execute(EurekaHttpClientDecorator.java:59) [eureka-client-1.9.12.jar:1.9.12]
	at com.netflix.discovery.shared.transport.decorator.RedirectingEurekaHttpClient.executeOnNewServer(RedirectingEurekaHttpClient.java:118) ~[eureka-client-1.9.12.jar:1.9.12]
	at com.netflix.discovery.shared.transport.decorator.RedirectingEurekaHttpClient.execute(RedirectingEurekaHttpClient.java:79) ~[eureka-client-1.9.12.jar:1.9.12]
	at com.netflix.discovery.shared.transport.decorator.EurekaHttpClientDecorator.register(EurekaHttpClientDecorator.java:56) [eureka-client-1.9.12.jar:1.9.12]
	at com.netflix.discovery.shared.transport.decorator.EurekaHttpClientDecorator$1.execute(EurekaHttpClientDecorator.java:59) [eureka-client-1.9.12.jar:1.9.12]
	at com.netflix.discovery.shared.transport.decorator.RetryableEurekaHttpClient.execute(RetryableEurekaHttpClient.java:120) [eureka-client-1.9.12.jar:1.9.12]
	at com.netflix.discovery.shared.transport.decorator.EurekaHttpClientDecorator.register(EurekaHttpClientDecorator.java:56) [eureka-client-1.9.12.jar:1.9.12]
	at com.netflix.discovery.shared.transport.decorator.EurekaHttpClientDecorator$1.execute(EurekaHttpClientDecorator.java:59) [eureka-client-1.9.12.jar:1.9.12]
	at com.netflix.discovery.shared.transport.decorator.SessionedEurekaHttpClient.execute(SessionedEurekaHttpClient.java:77) [eureka-client-1.9.12.jar:1.9.12]
	at com.netflix.discovery.shared.transport.decorator.EurekaHttpClientDecorator.register(EurekaHttpClientDecorator.java:56) [eureka-client-1.9.12.jar:1.9.12]
	at com.netflix.discovery.DiscoveryClient.register(DiscoveryClient.java:847) [eureka-client-1.9.12.jar:1.9.12]
	at com.netflix.discovery.InstanceInfoReplicator.run(InstanceInfoReplicator.java:121) [eureka-client-1.9.12.jar:1.9.12]
	at com.netflix.discovery.InstanceInfoReplicator$1.run(InstanceInfoReplicator.java:101) [eureka-client-1.9.12.jar:1.9.12]
	at java.util.concurrent.Executors$RunnableAdapter.call(Unknown Source) [na:1.8.0_251]
	at java.util.concurrent.FutureTask.run(Unknown Source) [na:1.8.0_251]
	at java.util.concurrent.ScheduledThreadPoolExecutor$ScheduledFutureTask.access$201(Unknown Source) [na:1.8.0_251]
	at java.util.concurrent.ScheduledThreadPoolExecutor$ScheduledFutureTask.run(Unknown Source) [na:1.8.0_251]
	at java.util.concurrent.ThreadPoolExecutor.runWorker(Unknown Source) [na:1.8.0_251]
	at java.util.concurrent.ThreadPoolExecutor$Worker.run(Unknown Source) [na:1.8.0_251]
	at java.lang.Thread.run(Unknown Source) [na:1.8.0_251]
Caused by: java.net.ConnectException: Connection refused: connect
	at java.net.DualStackPlainSocketImpl.waitForConnect(Native Method) ~[na:1.8.0_251]
	at java.net.DualStackPlainSocketImpl.socketConnect(Unknown Source) ~[na:1.8.0_251]
	at java.net.AbstractPlainSocketImpl.doConnect(Unknown Source) ~[na:1.8.0_251]
	at java.net.AbstractPlainSocketImpl.connectToAddress(Unknown Source) ~[na:1.8.0_251]
	at java.net.AbstractPlainSocketImpl.connect(Unknown Source) ~[na:1.8.0_251]
	at java.net.PlainSocketImpl.connect(Unknown Source) ~[na:1.8.0_251]
	at java.net.SocksSocketImpl.connect(Unknown Source) ~[na:1.8.0_251]
	at java.net.Socket.connect(Unknown Source) ~[na:1.8.0_251]
	at org.apache.http.conn.scheme.PlainSocketFactory.connectSocket(PlainSocketFactory.java:121) ~[httpclient-4.5.9.jar:4.5.9]
	at org.apache.http.impl.conn.DefaultClientConnectionOperator.openConnection(DefaultClientConnectionOperator.java:180) ~[httpclient-4.5.9.jar:4.5.9]
	at org.apache.http.impl.conn.AbstractPoolEntry.open(AbstractPoolEntry.java:144) ~[httpclient-4.5.9.jar:4.5.9]
	at org.apache.http.impl.conn.AbstractPooledConnAdapter.open(AbstractPooledConnAdapter.java:134) ~[httpclient-4.5.9.jar:4.5.9]
	at org.apache.http.impl.client.DefaultRequestDirector.tryConnect(DefaultRequestDirector.java:605) ~[httpclient-4.5.9.jar:4.5.9]
	at org.apache.http.impl.client.DefaultRequestDirector.execute(DefaultRequestDirector.java:440) ~[httpclient-4.5.9.jar:4.5.9]
	at org.apache.http.impl.client.AbstractHttpClient.doExecute(AbstractHttpClient.java:835) ~[httpclient-4.5.9.jar:4.5.9]
	at org.apache.http.impl.client.CloseableHttpClient.execute(CloseableHttpClient.java:118) ~[httpclient-4.5.9.jar:4.5.9]
	at org.apache.http.impl.client.CloseableHttpClient.execute(CloseableHttpClient.java:56) ~[httpclient-4.5.9.jar:4.5.9]
	at com.sun.jersey.client.apache4.ApacheHttpClient4Handler.handle(ApacheHttpClient4Handler.java:173) ~[jersey-apache-client4-1.19.1.jar:1.19.1]
	... 30 common frames omitted

2020-05-12 02:39:31.459  WARN 13140 --- [DiscoveryClient-InstanceInfoReplicator-0] c.n.d.s.t.d.RetryableEurekaHttpClient    : Request execution failed with message: java.net.ConnectException: Connection refused: connect
2020-05-12 02:39:31.460  WARN 13140 --- [DiscoveryClient-InstanceInfoReplicator-0] com.netflix.discovery.DiscoveryClient    : DiscoveryClient_SCW-USER/DESKTOP-IQIPQ4T:SCW-USER:7000 - registration failed Cannot execute request on any known server

com.netflix.discovery.shared.transport.TransportException: Cannot execute request on any known server
	at com.netflix.discovery.shared.transport.decorator.RetryableEurekaHttpClient.execute(RetryableEurekaHttpClient.java:112) ~[eureka-client-1.9.12.jar:1.9.12]
	at com.netflix.discovery.shared.transport.decorator.EurekaHttpClientDecorator.register(EurekaHttpClientDecorator.java:56) ~[eureka-client-1.9.12.jar:1.9.12]
	at com.netflix.discovery.shared.transport.decorator.EurekaHttpClientDecorator$1.execute(EurekaHttpClientDecorator.java:59) ~[eureka-client-1.9.12.jar:1.9.12]
	at com.netflix.discovery.shared.transport.decorator.SessionedEurekaHttpClient.execute(SessionedEurekaHttpClient.java:77) ~[eureka-client-1.9.12.jar:1.9.12]
	at com.netflix.discovery.shared.transport.decorator.EurekaHttpClientDecorator.register(EurekaHttpClientDecorator.java:56) ~[eureka-client-1.9.12.jar:1.9.12]
	at com.netflix.discovery.DiscoveryClient.register(DiscoveryClient.java:847) ~[eureka-client-1.9.12.jar:1.9.12]
	at com.netflix.discovery.InstanceInfoReplicator.run(InstanceInfoReplicator.java:121) [eureka-client-1.9.12.jar:1.9.12]
	at com.netflix.discovery.InstanceInfoReplicator$1.run(InstanceInfoReplicator.java:101) [eureka-client-1.9.12.jar:1.9.12]
	at java.util.concurrent.Executors$RunnableAdapter.call(Unknown Source) [na:1.8.0_251]
	at java.util.concurrent.FutureTask.run(Unknown Source) [na:1.8.0_251]
	at java.util.concurrent.ScheduledThreadPoolExecutor$ScheduledFutureTask.access$201(Unknown Source) [na:1.8.0_251]
	at java.util.concurrent.ScheduledThreadPoolExecutor$ScheduledFutureTask.run(Unknown Source) [na:1.8.0_251]
	at java.util.concurrent.ThreadPoolExecutor.runWorker(Unknown Source) [na:1.8.0_251]
	at java.util.concurrent.ThreadPoolExecutor$Worker.run(Unknown Source) [na:1.8.0_251]
	at java.lang.Thread.run(Unknown Source) [na:1.8.0_251]

2020-05-12 02:39:31.460  WARN 13140 --- [DiscoveryClient-InstanceInfoReplicator-0] c.n.discovery.InstanceInfoReplicator     : There was a problem with the instance info replicator

com.netflix.discovery.shared.transport.TransportException: Cannot execute request on any known server
	at com.netflix.discovery.shared.transport.decorator.RetryableEurekaHttpClient.execute(RetryableEurekaHttpClient.java:112) ~[eureka-client-1.9.12.jar:1.9.12]
	at com.netflix.discovery.shared.transport.decorator.EurekaHttpClientDecorator.register(EurekaHttpClientDecorator.java:56) ~[eureka-client-1.9.12.jar:1.9.12]
	at com.netflix.discovery.shared.transport.decorator.EurekaHttpClientDecorator$1.execute(EurekaHttpClientDecorator.java:59) ~[eureka-client-1.9.12.jar:1.9.12]
	at com.netflix.discovery.shared.transport.decorator.SessionedEurekaHttpClient.execute(SessionedEurekaHttpClient.java:77) ~[eureka-client-1.9.12.jar:1.9.12]
	at com.netflix.discovery.shared.transport.decorator.EurekaHttpClientDecorator.register(EurekaHttpClientDecorator.java:56) ~[eureka-client-1.9.12.jar:1.9.12]
	at com.netflix.discovery.DiscoveryClient.register(DiscoveryClient.java:847) ~[eureka-client-1.9.12.jar:1.9.12]
	at com.netflix.discovery.InstanceInfoReplicator.run(InstanceInfoReplicator.java:121) ~[eureka-client-1.9.12.jar:1.9.12]
	at com.netflix.discovery.InstanceInfoReplicator$1.run(InstanceInfoReplicator.java:101) [eureka-client-1.9.12.jar:1.9.12]
	at java.util.concurrent.Executors$RunnableAdapter.call(Unknown Source) [na:1.8.0_251]
	at java.util.concurrent.FutureTask.run(Unknown Source) [na:1.8.0_251]
	at java.util.concurrent.ScheduledThreadPoolExecutor$ScheduledFutureTask.access$201(Unknown Source) [na:1.8.0_251]
	at java.util.concurrent.ScheduledThreadPoolExecutor$ScheduledFutureTask.run(Unknown Source) [na:1.8.0_251]
	at java.util.concurrent.ThreadPoolExecutor.runWorker(Unknown Source) [na:1.8.0_251]
	at java.util.concurrent.ThreadPoolExecutor$Worker.run(Unknown Source) [na:1.8.0_251]
	at java.lang.Thread.run(Unknown Source) [na:1.8.0_251]

2020-05-12 02:39:34.639 ERROR 13140 --- [RMI TCP Connection(323)-127.0.0.1] c.n.d.s.t.d.RedirectingEurekaHttpClient  : Request execution error. endpoint=DefaultEndpoint{ serviceUrl='http://localhost:8761/eureka/}

com.sun.jersey.api.client.ClientHandlerException: java.net.ConnectException: Connection refused: connect
	at com.sun.jersey.client.apache4.ApacheHttpClient4Handler.handle(ApacheHttpClient4Handler.java:187) ~[jersey-apache-client4-1.19.1.jar:1.19.1]
	at com.sun.jersey.api.client.filter.GZIPContentEncodingFilter.handle(GZIPContentEncodingFilter.java:123) ~[jersey-client-1.19.1.jar:1.19.1]
	at com.netflix.discovery.EurekaIdentityHeaderFilter.handle(EurekaIdentityHeaderFilter.java:27) ~[eureka-client-1.9.12.jar:1.9.12]
	at com.sun.jersey.api.client.Client.handle(Client.java:652) ~[jersey-client-1.19.1.jar:1.19.1]
	at com.sun.jersey.api.client.WebResource.handle(WebResource.java:682) ~[jersey-client-1.19.1.jar:1.19.1]
	at com.sun.jersey.api.client.WebResource.access$200(WebResource.java:74) ~[jersey-client-1.19.1.jar:1.19.1]
	at com.sun.jersey.api.client.WebResource$Builder.delete(WebResource.java:591) ~[jersey-client-1.19.1.jar:1.19.1]
	at com.netflix.discovery.shared.transport.jersey.AbstractJerseyEurekaHttpClient.cancel(AbstractJerseyEurekaHttpClient.java:76) ~[eureka-client-1.9.12.jar:1.9.12]
	at com.netflix.discovery.shared.transport.decorator.EurekaHttpClientDecorator$2.execute(EurekaHttpClientDecorator.java:74) [eureka-client-1.9.12.jar:1.9.12]
	at com.netflix.discovery.shared.transport.decorator.MetricsCollectingEurekaHttpClient.execute(MetricsCollectingEurekaHttpClient.java:73) ~[eureka-client-1.9.12.jar:1.9.12]
	at com.netflix.discovery.shared.transport.decorator.EurekaHttpClientDecorator.cancel(EurekaHttpClientDecorator.java:71) [eureka-client-1.9.12.jar:1.9.12]
	at com.netflix.discovery.shared.transport.decorator.EurekaHttpClientDecorator$2.execute(EurekaHttpClientDecorator.java:74) [eureka-client-1.9.12.jar:1.9.12]
	at com.netflix.discovery.shared.transport.decorator.RedirectingEurekaHttpClient.executeOnNewServer(RedirectingEurekaHttpClient.java:118) ~[eureka-client-1.9.12.jar:1.9.12]
	at com.netflix.discovery.shared.transport.decorator.RedirectingEurekaHttpClient.execute(RedirectingEurekaHttpClient.java:79) ~[eureka-client-1.9.12.jar:1.9.12]
	at com.netflix.discovery.shared.transport.decorator.EurekaHttpClientDecorator.cancel(EurekaHttpClientDecorator.java:71) [eureka-client-1.9.12.jar:1.9.12]
	at com.netflix.discovery.shared.transport.decorator.EurekaHttpClientDecorator$2.execute(EurekaHttpClientDecorator.java:74) [eureka-client-1.9.12.jar:1.9.12]
	at com.netflix.discovery.shared.transport.decorator.RetryableEurekaHttpClient.execute(RetryableEurekaHttpClient.java:120) [eureka-client-1.9.12.jar:1.9.12]
	at com.netflix.discovery.shared.transport.decorator.EurekaHttpClientDecorator.cancel(EurekaHttpClientDecorator.java:71) [eureka-client-1.9.12.jar:1.9.12]
	at com.netflix.discovery.shared.transport.decorator.EurekaHttpClientDecorator$2.execute(EurekaHttpClientDecorator.java:74) [eureka-client-1.9.12.jar:1.9.12]
	at com.netflix.discovery.shared.transport.decorator.SessionedEurekaHttpClient.execute(SessionedEurekaHttpClient.java:77) [eureka-client-1.9.12.jar:1.9.12]
	at com.netflix.discovery.shared.transport.decorator.EurekaHttpClientDecorator.cancel(EurekaHttpClientDecorator.java:71) [eureka-client-1.9.12.jar:1.9.12]
	at com.netflix.discovery.DiscoveryClient.unregister(DiscoveryClient.java:941) [eureka-client-1.9.12.jar:1.9.12]
	at com.netflix.discovery.DiscoveryClient.shutdown(DiscoveryClient.java:919) [eureka-client-1.9.12.jar:1.9.12]
	at sun.reflect.NativeMethodAccessorImpl.invoke0(Native Method) ~[na:1.8.0_251]
	at sun.reflect.NativeMethodAccessorImpl.invoke(Unknown Source) ~[na:1.8.0_251]
	at sun.reflect.DelegatingMethodAccessorImpl.invoke(Unknown Source) ~[na:1.8.0_251]
	at java.lang.reflect.Method.invoke(Unknown Source) ~[na:1.8.0_251]
	at org.springframework.beans.factory.annotation.InitDestroyAnnotationBeanPostProcessor$LifecycleElement.invoke(InitDestroyAnnotationBeanPostProcessor.java:363) [spring-beans-5.1.8.RELEASE.jar:5.1.8.RELEASE]
	at org.springframework.beans.factory.annotation.InitDestroyAnnotationBeanPostProcessor$LifecycleMetadata.invokeDestroyMethods(InitDestroyAnnotationBeanPostProcessor.java:321) [spring-beans-5.1.8.RELEASE.jar:5.1.8.RELEASE]
	at org.springframework.beans.factory.annotation.InitDestroyAnnotationBeanPostProcessor.postProcessBeforeDestruction(InitDestroyAnnotationBeanPostProcessor.java:156) [spring-beans-5.1.8.RELEASE.jar:5.1.8.RELEASE]
	at org.springframework.beans.factory.support.DisposableBeanAdapter.destroy(DisposableBeanAdapter.java:242) [spring-beans-5.1.8.RELEASE.jar:5.1.8.RELEASE]
	at org.springframework.beans.factory.support.DisposableBeanAdapter.run(DisposableBeanAdapter.java:235) [spring-beans-5.1.8.RELEASE.jar:5.1.8.RELEASE]
	at org.springframework.cloud.context.scope.GenericScope$BeanLifecycleWrapper.destroy(GenericScope.java:403) [spring-cloud-context-2.1.2.RELEASE.jar:2.1.2.RELEASE]
	at org.springframework.cloud.context.scope.GenericScope.destroy(GenericScope.java:142) [spring-cloud-context-2.1.2.RELEASE.jar:2.1.2.RELEASE]
	at org.springframework.beans.factory.support.DisposableBeanAdapter.destroy(DisposableBeanAdapter.java:258) [spring-beans-5.1.8.RELEASE.jar:5.1.8.RELEASE]
	at org.springframework.beans.factory.support.DefaultSingletonBeanRegistry.destroyBean(DefaultSingletonBeanRegistry.java:571) [spring-beans-5.1.8.RELEASE.jar:5.1.8.RELEASE]
	at org.springframework.beans.factory.support.DefaultSingletonBeanRegistry.destroySingleton(DefaultSingletonBeanRegistry.java:543) [spring-beans-5.1.8.RELEASE.jar:5.1.8.RELEASE]
	at org.springframework.beans.factory.support.DefaultListableBeanFactory.destroySingleton(DefaultListableBeanFactory.java:1036) [spring-beans-5.1.8.RELEASE.jar:5.1.8.RELEASE]
	at org.springframework.beans.factory.support.DefaultSingletonBeanRegistry.destroySingletons(DefaultSingletonBeanRegistry.java:504) [spring-beans-5.1.8.RELEASE.jar:5.1.8.RELEASE]
	at org.springframework.beans.factory.support.DefaultListableBeanFactory.destroySingletons(DefaultListableBeanFactory.java:1029) [spring-beans-5.1.8.RELEASE.jar:5.1.8.RELEASE]
	at org.springframework.context.support.AbstractApplicationContext.destroyBeans(AbstractApplicationContext.java:1057) [spring-context-5.1.8.RELEASE.jar:5.1.8.RELEASE]
	at org.springframework.context.support.AbstractApplicationContext.doClose(AbstractApplicationContext.java:1026) [spring-context-5.1.8.RELEASE.jar:5.1.8.RELEASE]
	at org.springframework.context.support.AbstractApplicationContext.close(AbstractApplicationContext.java:975) [spring-context-5.1.8.RELEASE.jar:5.1.8.RELEASE]
	at org.springframework.boot.admin.SpringApplicationAdminMXBeanRegistrar$SpringApplicationAdmin.shutdown(SpringApplicationAdminMXBeanRegistrar.java:160) [spring-boot-2.1.6.RELEASE.jar:2.1.6.RELEASE]
	at sun.reflect.NativeMethodAccessorImpl.invoke0(Native Method) ~[na:1.8.0_251]
	at sun.reflect.NativeMethodAccessorImpl.invoke(Unknown Source) ~[na:1.8.0_251]
	at sun.reflect.DelegatingMethodAccessorImpl.invoke(Unknown Source) ~[na:1.8.0_251]
	at java.lang.reflect.Method.invoke(Unknown Source) ~[na:1.8.0_251]
	at sun.reflect.misc.Trampoline.invoke(Unknown Source) [na:1.8.0_251]
	at sun.reflect.GeneratedMethodAccessor60.invoke(Unknown Source) ~[na:na]
	at sun.reflect.DelegatingMethodAccessorImpl.invoke(Unknown Source) ~[na:1.8.0_251]
	at java.lang.reflect.Method.invoke(Unknown Source) ~[na:1.8.0_251]
	at sun.reflect.misc.MethodUtil.invoke(Unknown Source) [na:1.8.0_251]
	at com.sun.jmx.mbeanserver.ConvertingMethod.invokeWithOpenReturn(Unknown Source) [na:1.8.0_251]
	at com.sun.jmx.mbeanserver.ConvertingMethod.invokeWithOpenReturn(Unknown Source) [na:1.8.0_251]
	at com.sun.jmx.mbeanserver.MXBeanIntrospector.invokeM2(Unknown Source) [na:1.8.0_251]
	at com.sun.jmx.mbeanserver.MXBeanIntrospector.invokeM2(Unknown Source) [na:1.8.0_251]
	at com.sun.jmx.mbeanserver.MBeanIntrospector.invokeM(Unknown Source) [na:1.8.0_251]
	at com.sun.jmx.mbeanserver.PerInterface.invoke(Unknown Source) [na:1.8.0_251]
	at com.sun.jmx.mbeanserver.MBeanSupport.invoke(Unknown Source) [na:1.8.0_251]
	at com.sun.jmx.interceptor.DefaultMBeanServerInterceptor.invoke(Unknown Source) [na:1.8.0_251]
	at com.sun.jmx.mbeanserver.JmxMBeanServer.invoke(Unknown Source) [na:1.8.0_251]
	at javax.management.remote.rmi.RMIConnectionImpl.doOperation(Unknown Source) [na:1.8.0_251]
	at javax.management.remote.rmi.RMIConnectionImpl.access$300(Unknown Source) [na:1.8.0_251]
	at javax.management.remote.rmi.RMIConnectionImpl$PrivilegedOperation.run(Unknown Source) [na:1.8.0_251]
	at javax.management.remote.rmi.RMIConnectionImpl.doPrivilegedOperation(Unknown Source) [na:1.8.0_251]
	at javax.management.remote.rmi.RMIConnectionImpl.invoke(Unknown Source) [na:1.8.0_251]
	at sun.reflect.GeneratedMethodAccessor61.invoke(Unknown Source) ~[na:na]
	at sun.reflect.DelegatingMethodAccessorImpl.invoke(Unknown Source) ~[na:1.8.0_251]
	at java.lang.reflect.Method.invoke(Unknown Source) ~[na:1.8.0_251]
	at sun.rmi.server.UnicastServerRef.dispatch(Unknown Source) [na:1.8.0_251]
	at sun.rmi.transport.Transport$1.run(Unknown Source) [na:1.8.0_251]
	at sun.rmi.transport.Transport$1.run(Unknown Source) [na:1.8.0_251]
	at java.security.AccessController.doPrivileged(Native Method) [na:1.8.0_251]
	at sun.rmi.transport.Transport.serviceCall(Unknown Source) [na:1.8.0_251]
	at sun.rmi.transport.tcp.TCPTransport.handleMessages(Unknown Source) [na:1.8.0_251]
	at sun.rmi.transport.tcp.TCPTransport$ConnectionHandler.run0(Unknown Source) [na:1.8.0_251]
	at sun.rmi.transport.tcp.TCPTransport$ConnectionHandler.lambda$run$0(Unknown Source) [na:1.8.0_251]
	at java.security.AccessController.doPrivileged(Native Method) [na:1.8.0_251]
	at sun.rmi.transport.tcp.TCPTransport$ConnectionHandler.run(Unknown Source) [na:1.8.0_251]
	at java.util.concurrent.ThreadPoolExecutor.runWorker(Unknown Source) ~[na:1.8.0_251]
	at java.util.concurrent.ThreadPoolExecutor$Worker.run(Unknown Source) ~[na:1.8.0_251]
	at java.lang.Thread.run(Unknown Source) ~[na:1.8.0_251]
Caused by: java.net.ConnectException: Connection refused: connect
	at java.net.DualStackPlainSocketImpl.waitForConnect(Native Method) ~[na:1.8.0_251]
	at java.net.DualStackPlainSocketImpl.socketConnect(Unknown Source) ~[na:1.8.0_251]
	at java.net.AbstractPlainSocketImpl.doConnect(Unknown Source) ~[na:1.8.0_251]
	at java.net.AbstractPlainSocketImpl.connectToAddress(Unknown Source) ~[na:1.8.0_251]
	at java.net.AbstractPlainSocketImpl.connect(Unknown Source) ~[na:1.8.0_251]
	at java.net.PlainSocketImpl.connect(Unknown Source) ~[na:1.8.0_251]
	at java.net.SocksSocketImpl.connect(Unknown Source) ~[na:1.8.0_251]
	at java.net.Socket.connect(Unknown Source) ~[na:1.8.0_251]
	at org.apache.http.conn.scheme.PlainSocketFactory.connectSocket(PlainSocketFactory.java:121) ~[httpclient-4.5.9.jar:4.5.9]
	at org.apache.http.impl.conn.DefaultClientConnectionOperator.openConnection(DefaultClientConnectionOperator.java:180) ~[httpclient-4.5.9.jar:4.5.9]
	at org.apache.http.impl.conn.AbstractPoolEntry.open(AbstractPoolEntry.java:144) ~[httpclient-4.5.9.jar:4.5.9]
	at org.apache.http.impl.conn.AbstractPooledConnAdapter.open(AbstractPooledConnAdapter.java:134) ~[httpclient-4.5.9.jar:4.5.9]
	at org.apache.http.impl.client.DefaultRequestDirector.tryConnect(DefaultRequestDirector.java:605) ~[httpclient-4.5.9.jar:4.5.9]
	at org.apache.http.impl.client.DefaultRequestDirector.execute(DefaultRequestDirector.java:440) ~[httpclient-4.5.9.jar:4.5.9]
	at org.apache.http.impl.client.AbstractHttpClient.doExecute(AbstractHttpClient.java:835) ~[httpclient-4.5.9.jar:4.5.9]
	at org.apache.http.impl.client.CloseableHttpClient.execute(CloseableHttpClient.java:118) ~[httpclient-4.5.9.jar:4.5.9]
	at org.apache.http.impl.client.CloseableHttpClient.execute(CloseableHttpClient.java:56) ~[httpclient-4.5.9.jar:4.5.9]
	at com.sun.jersey.client.apache4.ApacheHttpClient4Handler.handle(ApacheHttpClient4Handler.java:173) ~[jersey-apache-client4-1.19.1.jar:1.19.1]
	... 82 common frames omitted

2020-05-12 02:39:34.640  WARN 13140 --- [RMI TCP Connection(323)-127.0.0.1] c.n.d.s.t.d.RetryableEurekaHttpClient    : Request execution failed with message: java.net.ConnectException: Connection refused: connect
2020-05-12 02:39:34.642 ERROR 13140 --- [RMI TCP Connection(323)-127.0.0.1] com.netflix.discovery.DiscoveryClient    : DiscoveryClient_SCW-USER/DESKTOP-IQIPQ4T:SCW-USER:7000 - de-registration failedCannot execute request on any known server

com.netflix.discovery.shared.transport.TransportException: Cannot execute request on any known server
	at com.netflix.discovery.shared.transport.decorator.RetryableEurekaHttpClient.execute(RetryableEurekaHttpClient.java:112) ~[eureka-client-1.9.12.jar:1.9.12]
	at com.netflix.discovery.shared.transport.decorator.EurekaHttpClientDecorator.cancel(EurekaHttpClientDecorator.java:71) ~[eureka-client-1.9.12.jar:1.9.12]
	at com.netflix.discovery.shared.transport.decorator.EurekaHttpClientDecorator$2.execute(EurekaHttpClientDecorator.java:74) ~[eureka-client-1.9.12.jar:1.9.12]
	at com.netflix.discovery.shared.transport.decorator.SessionedEurekaHttpClient.execute(SessionedEurekaHttpClient.java:77) ~[eureka-client-1.9.12.jar:1.9.12]
	at com.netflix.discovery.shared.transport.decorator.EurekaHttpClientDecorator.cancel(EurekaHttpClientDecorator.java:71) ~[eureka-client-1.9.12.jar:1.9.12]
	at com.netflix.discovery.DiscoveryClient.unregister(DiscoveryClient.java:941) [eureka-client-1.9.12.jar:1.9.12]
	at com.netflix.discovery.DiscoveryClient.shutdown(DiscoveryClient.java:919) [eureka-client-1.9.12.jar:1.9.12]
	at sun.reflect.NativeMethodAccessorImpl.invoke0(Native Method) ~[na:1.8.0_251]
	at sun.reflect.NativeMethodAccessorImpl.invoke(Unknown Source) ~[na:1.8.0_251]
	at sun.reflect.DelegatingMethodAccessorImpl.invoke(Unknown Source) ~[na:1.8.0_251]
	at java.lang.reflect.Method.invoke(Unknown Source) ~[na:1.8.0_251]
	at org.springframework.beans.factory.annotation.InitDestroyAnnotationBeanPostProcessor$LifecycleElement.invoke(InitDestroyAnnotationBeanPostProcessor.java:363) [spring-beans-5.1.8.RELEASE.jar:5.1.8.RELEASE]
	at org.springframework.beans.factory.annotation.InitDestroyAnnotationBeanPostProcessor$LifecycleMetadata.invokeDestroyMethods(InitDestroyAnnotationBeanPostProcessor.java:321) [spring-beans-5.1.8.RELEASE.jar:5.1.8.RELEASE]
	at org.springframework.beans.factory.annotation.InitDestroyAnnotationBeanPostProcessor.postProcessBeforeDestruction(InitDestroyAnnotationBeanPostProcessor.java:156) [spring-beans-5.1.8.RELEASE.jar:5.1.8.RELEASE]
	at org.springframework.beans.factory.support.DisposableBeanAdapter.destroy(DisposableBeanAdapter.java:242) [spring-beans-5.1.8.RELEASE.jar:5.1.8.RELEASE]
	at org.springframework.beans.factory.support.DisposableBeanAdapter.run(DisposableBeanAdapter.java:235) [spring-beans-5.1.8.RELEASE.jar:5.1.8.RELEASE]
	at org.springframework.cloud.context.scope.GenericScope$BeanLifecycleWrapper.destroy(GenericScope.java:403) [spring-cloud-context-2.1.2.RELEASE.jar:2.1.2.RELEASE]
	at org.springframework.cloud.context.scope.GenericScope.destroy(GenericScope.java:142) [spring-cloud-context-2.1.2.RELEASE.jar:2.1.2.RELEASE]
	at org.springframework.beans.factory.support.DisposableBeanAdapter.destroy(DisposableBeanAdapter.java:258) [spring-beans-5.1.8.RELEASE.jar:5.1.8.RELEASE]
	at org.springframework.beans.factory.support.DefaultSingletonBeanRegistry.destroyBean(DefaultSingletonBeanRegistry.java:571) [spring-beans-5.1.8.RELEASE.jar:5.1.8.RELEASE]
	at org.springframework.beans.factory.support.DefaultSingletonBeanRegistry.destroySingleton(DefaultSingletonBeanRegistry.java:543) [spring-beans-5.1.8.RELEASE.jar:5.1.8.RELEASE]
	at org.springframework.beans.factory.support.DefaultListableBeanFactory.destroySingleton(DefaultListableBeanFactory.java:1036) [spring-beans-5.1.8.RELEASE.jar:5.1.8.RELEASE]
	at org.springframework.beans.factory.support.DefaultSingletonBeanRegistry.destroySingletons(DefaultSingletonBeanRegistry.java:504) [spring-beans-5.1.8.RELEASE.jar:5.1.8.RELEASE]
	at org.springframework.beans.factory.support.DefaultListableBeanFactory.destroySingletons(DefaultListableBeanFactory.java:1029) [spring-beans-5.1.8.RELEASE.jar:5.1.8.RELEASE]
	at org.springframework.context.support.AbstractApplicationContext.destroyBeans(AbstractApplicationContext.java:1057) [spring-context-5.1.8.RELEASE.jar:5.1.8.RELEASE]
	at org.springframework.context.support.AbstractApplicationContext.doClose(AbstractApplicationContext.java:1026) [spring-context-5.1.8.RELEASE.jar:5.1.8.RELEASE]
	at org.springframework.context.support.AbstractApplicationContext.close(AbstractApplicationContext.java:975) [spring-context-5.1.8.RELEASE.jar:5.1.8.RELEASE]
	at org.springframework.boot.admin.SpringApplicationAdminMXBeanRegistrar$SpringApplicationAdmin.shutdown(SpringApplicationAdminMXBeanRegistrar.java:160) [spring-boot-2.1.6.RELEASE.jar:2.1.6.RELEASE]
	at sun.reflect.NativeMethodAccessorImpl.invoke0(Native Method) ~[na:1.8.0_251]
	at sun.reflect.NativeMethodAccessorImpl.invoke(Unknown Source) ~[na:1.8.0_251]
	at sun.reflect.DelegatingMethodAccessorImpl.invoke(Unknown Source) ~[na:1.8.0_251]
	at java.lang.reflect.Method.invoke(Unknown Source) ~[na:1.8.0_251]
	at sun.reflect.misc.Trampoline.invoke(Unknown Source) [na:1.8.0_251]
	at sun.reflect.GeneratedMethodAccessor60.invoke(Unknown Source) ~[na:na]
	at sun.reflect.DelegatingMethodAccessorImpl.invoke(Unknown Source) ~[na:1.8.0_251]
	at java.lang.reflect.Method.invoke(Unknown Source) ~[na:1.8.0_251]
	at sun.reflect.misc.MethodUtil.invoke(Unknown Source) [na:1.8.0_251]
	at com.sun.jmx.mbeanserver.ConvertingMethod.invokeWithOpenReturn(Unknown Source) [na:1.8.0_251]
	at com.sun.jmx.mbeanserver.ConvertingMethod.invokeWithOpenReturn(Unknown Source) [na:1.8.0_251]
	at com.sun.jmx.mbeanserver.MXBeanIntrospector.invokeM2(Unknown Source) [na:1.8.0_251]
	at com.sun.jmx.mbeanserver.MXBeanIntrospector.invokeM2(Unknown Source) [na:1.8.0_251]
	at com.sun.jmx.mbeanserver.MBeanIntrospector.invokeM(Unknown Source) [na:1.8.0_251]
	at com.sun.jmx.mbeanserver.PerInterface.invoke(Unknown Source) [na:1.8.0_251]
	at com.sun.jmx.mbeanserver.MBeanSupport.invoke(Unknown Source) [na:1.8.0_251]
	at com.sun.jmx.interceptor.DefaultMBeanServerInterceptor.invoke(Unknown Source) [na:1.8.0_251]
	at com.sun.jmx.mbeanserver.JmxMBeanServer.invoke(Unknown Source) [na:1.8.0_251]
	at javax.management.remote.rmi.RMIConnectionImpl.doOperation(Unknown Source) [na:1.8.0_251]
	at javax.management.remote.rmi.RMIConnectionImpl.access$300(Unknown Source) [na:1.8.0_251]
	at javax.management.remote.rmi.RMIConnectionImpl$PrivilegedOperation.run(Unknown Source) [na:1.8.0_251]
	at javax.management.remote.rmi.RMIConnectionImpl.doPrivilegedOperation(Unknown Source) [na:1.8.0_251]
	at javax.management.remote.rmi.RMIConnectionImpl.invoke(Unknown Source) [na:1.8.0_251]
	at sun.reflect.GeneratedMethodAccessor61.invoke(Unknown Source) ~[na:na]
	at sun.reflect.DelegatingMethodAccessorImpl.invoke(Unknown Source) ~[na:1.8.0_251]
	at java.lang.reflect.Method.invoke(Unknown Source) ~[na:1.8.0_251]
	at sun.rmi.server.UnicastServerRef.dispatch(Unknown Source) [na:1.8.0_251]
	at sun.rmi.transport.Transport$1.run(Unknown Source) [na:1.8.0_251]
	at sun.rmi.transport.Transport$1.run(Unknown Source) [na:1.8.0_251]
	at java.security.AccessController.doPrivileged(Native Method) [na:1.8.0_251]
	at sun.rmi.transport.Transport.serviceCall(Unknown Source) [na:1.8.0_251]
	at sun.rmi.transport.tcp.TCPTransport.handleMessages(Unknown Source) [na:1.8.0_251]
	at sun.rmi.transport.tcp.TCPTransport$ConnectionHandler.run0(Unknown Source) [na:1.8.0_251]
	at sun.rmi.transport.tcp.TCPTransport$ConnectionHandler.lambda$run$0(Unknown Source) [na:1.8.0_251]
	at java.security.AccessController.doPrivileged(Native Method) [na:1.8.0_251]
	at sun.rmi.transport.tcp.TCPTransport$ConnectionHandler.run(Unknown Source) [na:1.8.0_251]
	at java.util.concurrent.ThreadPoolExecutor.runWorker(Unknown Source) ~[na:1.8.0_251]
	at java.util.concurrent.ThreadPoolExecutor$Worker.run(Unknown Source) ~[na:1.8.0_251]
	at java.lang.Thread.run(Unknown Source) ~[na:1.8.0_251]

2020-05-12 02:39:34.650  INFO 13140 --- [RMI TCP Connection(323)-127.0.0.1] com.netflix.discovery.DiscoveryClient    : Completed shut down of DiscoveryClient
2020-05-12 02:39:34.834  INFO 13140 --- [RMI TCP Connection(323)-127.0.0.1] o.apache.catalina.core.StandardService   : Stopping service [Tomcat]
2020-05-12 02:39:34.838  INFO 13140 --- [RMI TCP Connection(323)-127.0.0.1] o.a.c.c.C.[Tomcat].[localhost].[/]       : Destroying Spring FrameworkServlet 'dispatcherServlet'
